Content-Type: text/plain; charset="utf-8"
MIME-Version: 1.0
Content-Transfer-Encoding: 8bit
Subject: Password reset on 127.0.0.1:8000
From: webmaster@localhost
To: doakintunde@outlook.com
Date: Tue, 14 May 2024 20:24:45 -0000
Message-ID: <171571828542.7352.8331552506301454024@OLUDIGITAL>


You're receiving this email because you requested a password reset for your user account at 127.0.0.1:8000.

Please go to the following page and choose a new password:

http://127.0.0.1:8000/reset/Mg/c71ct9-66dffb073dce4a2ee0ca8000575273e1/

Your username, in case you’ve forgotten: Dave

Thanks for using our site!

The 127.0.0.1:8000 team



-------------------------------------------------------------------------------
Content-Type: text/plain; charset="utf-8"
MIME-Version: 1.0
Content-Transfer-Encoding: 8bit
Subject: Password reset on 127.0.0.1:8000
From: webmaster@localhost
To: doakintunde@outlook.com
Date: Tue, 14 May 2024 20:24:45 -0000
Message-ID: <171571828543.7352.16651839058147390861@OLUDIGITAL>


You're receiving this email because you requested a password reset for your user account at 127.0.0.1:8000.

Please go to the following page and choose a new password:

http://127.0.0.1:8000/reset/Mw/c71ct9-fb32458acb3e352a58d151720356522b/

Your username, in case you’ve forgotten: DannyAkintunde

Thanks for using our site!

The 127.0.0.1:8000 team



-------------------------------------------------------------------------------
