Content-Type: text/plain; charset="utf-8"
MIME-Version: 1.0
Content-Transfer-Encoding: 8bit
Subject: Password reset on 127.0.0.1:8000
From: webmaster@localhost
To: doakintunde@outlook.com
Date: Tue, 14 May 2024 20:19:38 -0000
Message-ID: <171571797886.7352.5250715203475924196@OLUDIGITAL>


You're receiving this email because you requested a password reset for your user account at 127.0.0.1:8000.

Please go to the following page and choose a new password:

http://127.0.0.1:8000/reset/Mg/c71ckq-cf7a8a6186fb459f1b6f29f96d621fef/

Your username, in case you’ve forgotten: Dave

Thanks for using our site!

The 127.0.0.1:8000 team



-------------------------------------------------------------------------------
Content-Type: text/plain; charset="utf-8"
MIME-Version: 1.0
Content-Transfer-Encoding: 8bit
Subject: Password reset on 127.0.0.1:8000
From: webmaster@localhost
To: doakintunde@outlook.com
Date: Tue, 14 May 2024 20:19:38 -0000
Message-ID: <171571797886.7352.15037195615352592044@OLUDIGITAL>


You're receiving this email because you requested a password reset for your user account at 127.0.0.1:8000.

Please go to the following page and choose a new password:

http://127.0.0.1:8000/reset/Mw/c71ckq-7a743051bb76b56700d95c2eeef2d479/

Your username, in case you’ve forgotten: DannyAkintunde

Thanks for using our site!

The 127.0.0.1:8000 team



-------------------------------------------------------------------------------
